<?xml version="1.0" encoding="UTF-8"?>
<testsuite xmlns:xsi="http://www.w3.org/2001/XMLSchema-instance" xsi:noNamespaceSchemaLocation="https://maven.apache.org/surefire/maven-surefire-plugin/xsd/surefire-test-report-3.0.xsd" version="3.0" name="com.greenone.smartcalc.TestApplication" time="0.059" tests="6" errors="0" skipped="0" failures="0">
  <properties>
[...]
</properties>
  <testcase name="Test1" classname="com.greenone.smartcalc.TestApplication" time="0.035"/>
  <testcase name="Test2" classname="com.greenone.smartcalc.TestApplication" time="0.001"/>
  <testcase name="Test3" classname="com.greenone.smartcalc.TestApplication" time="0.0"/>
  <testcase name="Test4" classname="com.greenone.smartcalc.TestApplication" time="0.001"/>
  <testcase name="Test5" classname="com.greenone.smartcalc.TestApplication" time="0.001"/>
  <testcase name="Test6" classname="com.greenone.smartcalc.TestApplication" time="0.001"/>
</testsuite>